<?xml version="1.0" encoding="UTF-8"?>
<!-- Generated by org.testng.reporters.JUnitReportReporter -->
<testsuite skipped="1" hostname="DESKTOP-FNI0RQV" name="test.RegisterclkTest" tests="1" failures="0" timestamp="2021-05-01T00:16:56 EDT" time="0.000" errors="0">
  <testcase name="Reg" time="0.000" classname="test.RegisterclkTest">
    <skipped/>
  </testcase> <!-- Reg -->
  <system-out/>
</testsuite> <!-- test.RegisterclkTest -->
