<?xml version="1.0" encoding="UTF-8"?>
<!-- Generated by org.testng.reporters.JUnitReportReporter -->
<testsuite hostname="DESKTOP-FNI0RQV" failures="0" tests="1" name="test.RegisterationTest" time="0.000" errors="0" timestamp="2025-01-21T17:15:30 EST" skipped="1">
  <testcase classname="test.RegisterationTest" name="reg" time="0.000">
    <skipped/>
  </testcase> <!-- reg -->
  <system-out/>
</testsuite> <!-- test.RegisterationTest -->
